<?xml version="1.0" encoding="UTF-8"?>
<!-- Generated by org.testng.reporters.JUnitXMLReporter -->
<testsuite ignored="2" hostname="Inbaraja-Lap" failures="0" tests="1" name="Test" time="0.104" errors="0" timestamp="2023-12-29T19:44:01 IST">
  <testcase classname="com.app.test.Sample_Exclude" name="test5" time="0.027"/>
  <testcase classname="com.app.test.Sample_Exclude" name="test6" time="0.0">
    <ignored/>
  </testcase> <!-- test6 -->
  <testcase classname="com.app.test.Sample_Exclude" name="test4" time="0.0">
    <ignored/>
  </testcase> <!-- test4 -->
</testsuite> <!-- Test -->
