<?xml version="1.0" encoding="UTF-8"?>
<!-- Generated by org.testng.reporters.JUnitXMLReporter -->
<testsuite ignored="1" hostname="DESKTOP-35HBDVU" failures="1" tests="1" name="Default test(failed)" time="0.151" errors="0" timestamp="2023-11-06T06:10:24 IST">
  <testcase classname="com.app.test.Failed_Test_Cases" name="test1" time="0.057">
    <failure type="java.lang.AssertionError" message="expected [Aiite] but found [aiite]">
      <![CDATA[java.lang.AssertionError: expected [Aiite] but found [aiite]
at com.app.test.Failed_Test_Cases.test1(Failed_Test_Cases.java:10)
at java.base/java.util.ArrayList.forEach(ArrayList.java:1541)
... Removed 33 stack frames]]>
    </failure>
  </testcase> <!-- test1 -->
  <testcase classname="com.app.test.Failed_Test_Cases" name="test2" time="0.0">
    <ignored/>
  </testcase> <!-- test2 -->
</testsuite> <!-- Default test(failed) -->
