<?xml version="1.0" encoding="UTF-8"?>
<testng-results ignored="0" total="1" passed="1" failed="0" skipped="0">
  <reporter-output>
  </reporter-output>
  <suite started-at="2023-12-29T19:44:01 IST" name="Suite" finished-at="2023-12-29T19:44:01 IST" duration-ms="104">
    <groups>
    </groups>
    <test started-at="2023-12-29T19:44:01 IST" name="Test" finished-at="2023-12-29T19:44:01 IST" duration-ms="104">
      <class name="com.app.test.Sample_Exclude">
        <test-method signature="test5()[pri:0, instance:com.app.test.Sample_Exclude@f09733f]" started-at="2023-12-29T19:44:01 IST" name="test5" finished-at="2023-12-29T19:44:01 IST" duration-ms="27" status="PASS">
          <reporter-output>
          </reporter-output>
        </test-method> <!-- test5 -->
      </class> <!-- com.app.test.Sample_Exclude -->
    </test> <!-- Test -->
  </suite> <!-- Suite -->
</testng-results>
