<?xml version="1.0" encoding="UTF-8"?>
<!-- Generated by org.testng.reporters.JUnitXMLReporter -->
<testsuite ignored="0" hostname="Inbaraja-Lap" failures="0" tests="3" name="Default test" time="0.118" errors="0" timestamp="2023-11-17T10:36:59 IST">
  <testcase classname="com.app.test.Dataprovider_Test1" name="test1" time="0.017"/>
  <testcase classname="com.app.test.Dataprovider_Test1" name="test1" time="0.003"/>
  <testcase classname="com.app.test.Dataprovider_Test1" name="test1" time="0.003"/>
</testsuite> <!-- Default test -->
